{"total": {"lines":{"total":160,"covered":74,"skipped":0,"pct":46.25},"statements":{"total":185,"covered":82,"skipped":0,"pct":44.32},"functions":{"total":45,"covered":20,"skipped":0,"pct":44.44},"branches":{"total":49,"covered":18,"skipped":0,"pct":36.73},"branchesTrue":{"total":0,"covered":0,"skipped":0,"pct":"Unknown"}}
,"C:\\teAyudo\\react-admin-import-csv\\src\\SimpleLogger.ts": {"lines":{"total":23,"covered":12,"skipped":0,"pct":52.17},"functions":{"total":10,"covered":5,"skipped":0,"pct":50},"statements":{"total":28,"covered":15,"skipped":0,"pct":53.57},"branches":{"total":3,"covered":1,"skipped":0,"pct":33.33}}
,"C:\\teAyudo\\react-admin-import-csv\\src\\csv-extractor.ts": {"lines":{"total":57,"covered":32,"skipped":0,"pct":56.14},"functions":{"total":16,"covered":9,"skipped":0,"pct":56.25},"statements":{"total":63,"covered":34,"skipped":0,"pct":53.96},"branches":{"total":20,"covered":9,"skipped":0,"pct":45}}
,"C:\\teAyudo\\react-admin-import-csv\\src\\uploader.ts": {"lines":{"total":80,"covered":30,"skipped":0,"pct":37.5},"functions":{"total":19,"covered":6,"skipped":0,"pct":31.57},"statements":{"total":94,"covered":33,"skipped":0,"pct":35.1},"branches":{"total":26,"covered":8,"skipped":0,"pct":30.76}}
}
